asd
read graph
defined G
preprocessed
Walk iteration:
1 / 10
2 / 10
3 / 10
4 / 10
5 / 10
6 / 10
7 / 10
8 / 10
9 / 10
10 / 10
[[290370, 3084558], [1292940], [2080592], [7556136], [6802542], [646436], [1119354], [1675687], [1232549], [3348658], [2133414], [4964979], [2310146], [6059543, 8704362], [927697, 6494671], [12702900], [3113537], [1460684], [655230, 779014], [312580], [4588280], [1771206], [781803], [285593, 5911968], [411519], [6116628], [2587164], [3312953], [1540317, 1715890], [8992369], [3119534], [4919285], [240848, 8079973], [9512044], [2621188], [639377, 1718701], [1521252], [1723024], [228513, 3031499], [3790542], [2994349], [10650505], [1599475], [286540], [16598752], [3557758], [3764294], [4575356], [791959, 3426886], [234872, 4832423], [2044701], [2173353], [2075647], [4503607], [10359168], [2171592], [5927519], [2546680], [14495301], [908352], [1557763], [14723946], [1077366], [7363586], [74831, 5977412, 7770118], [370862], [377475, 6756973], [10879860], [1428960], [2550078], [1258656], [1289493, 6032157], [1020779], [16855, 2625737], [2506932, 6218336], [3626219], [805818], [10383062], [3736862], [2332782], [901809], [355752], [1962593, 6590875], [3026454], [9357064], [1384391], [562703], [2936609], [1479936], [2585962], [1430657], [8022048], [2010553, 2010616], [3286336], [492698], [497447], [4768486], [308456, 2537197], [1840056], [76144, 1466414]]
defined walk
defined walks inside learn embeddings
defined model using w2v
saved model in word2vec format
learned embeddings
asd
read graph
defined G
preprocessed
Walk iteration:
1 / 10
2 / 10
3 / 10
4 / 10
5 / 10
6 / 10
7 / 10
8 / 10
9 / 10
10 / 10
[[7956275], [3154494], [2002364], [8595940], [3285620], [1134853], [6111783], [1680496], [1654418], [928405], [3571123], [919347], [4116434], [1962953], [1845808], [2468585], [3783297], [2636947], [914698], [2826676], [1258376], [225490], [5666985], [248562, 684221], [340891], [3068837], [3309227], [1447919], [4251801], [6427981], [1140066], [5630608], [6153591], [1226393], [5218271], [1222956], [5680979], [3753207], [10771022], [4781300], [345064], [4144044], [1016524], [6589329], [2021905], [1104840, 9004210], [4081866], [2586624], [5358422], [2207258], [55031, 4781611], [4281180], [9234764], [166589], [45523, 1191364], [5339631], [319072], [8049574], [11421510], [795002, 2431279], [2875509], [1070003], [236996, 2918132], [2783652], [92063, 2544719], [374005], [4511539], [9717878], [1270694], [1178596], [1347139], [1058977], [623369], [3157238], [4289920], [402246, 453808], [386151, 7329790], [4768489], [538099, 3565675], [1035074], [4464073], [4681793], [2859002], [13435290], [451195], [9015968], [4573381], [9506975], [12667253], [388019, 3433675, 5501059], [2944219], [5461026], [516516, 5903038], [6968689], [4493238], [1794165], [374365], [3286249], [6332398], [4274954]]
defined walk
defined walks inside learn embeddings
defined model using w2v
saved model in word2vec format
learned embeddings
asd
read graph
defined G
preprocessed
Walk iteration:
1 / 10
2 / 10
3 / 10
4 / 10
5 / 10
6 / 10
7 / 10
8 / 10
9 / 10
10 / 10
[]
defined walk
defined walks inside learn embeddings
Traceback (most recent call last):
  File "src/main.py", line 114, in <module>
    main(args)
  File "src/main.py", line 110, in main
    learn_embeddings(walks)
  File "src/main.py", line 90, in learn_embeddings
    workers=args.workers, iter=args.iter)
  File "/usr/local/lib/python2.7/dist-packages/gensim/models/word2vec.py", line 460, in __init__
    self.train(sentences)
  File "/usr/local/lib/python2.7/dist-packages/gensim/models/word2vec.py", line 727, in train
    raise RuntimeError("you must first build vocabulary before training the model")
RuntimeError: you must first build vocabulary before training the model
asd
read graph
defined G
preprocessed
Walk iteration:
1 / 10
2 / 10
3 / 10
4 / 10
5 / 10
6 / 10
7 / 10
8 / 10
9 / 10
10 / 10
[[36803535], [31075837], [7444761], [106808, 37546900], [14200689, 39281406], [10759306], [26551628, 2476445, 13855640, 26790183], [39473642], [7005130], [30483871, 38442495], [25224752], [20636773, 45694219], [31275116, 25715185], [42451825], [40089244], [329886, 21212793], [1610563], [2247754], [12960257], [924907, 19475449], [2813731, 6951606], [5099913, 30032493], [25888819], [16638297], [24808, 1407978, 1138795], [18584082], [15613340], [1922282], [1761673], [12857579], [907970], [25075793], [9398808, 6596054, 15893308], [36673117], [6803998], [7461284], [14113841], [43708266], [1252220, 11228763], [14508322], [34256755], [12444273], [39864385], [20512351], [37245872], [27383844], [650714, 2386530, 15525547], [12047419], [35835935], [10650364], [10669859], [13931316], [30791428], [34299862, 34516797], [23299080], [40314877], [34042158], [1418534, 2647736], [4298666, 10841865, 29824193], [34081564], [37918190], [8099248], [40089639], [8152287], [40211840], [116324], [20570373], [23662998], [19721017], [135950], [33909829], [32627701], [290843], [4494423], [24093975], [3546032], [32112814], [25782304], [3096005, 30719269], [36709688], [282310], [41576527], [3782619], [139853], [5499459, 43243894], [36517096], [12870082], [36406131], [18395542], [2954453, 10789677], [13608084], [29008505], [6870959], [484364, 13841025], [43453832], [40134235], [701678, 29678205], [33570999], [748312, 1451970], [1019890, 18593533]]
defined walk
defined walks inside learn embeddings
defined model using w2v
saved model in word2vec format
learned embeddings
asd
read graph
defined G
preprocessed
Walk iteration:
1 / 10
2 / 10
3 / 10
4 / 10
5 / 10
6 / 10
7 / 10
8 / 10
9 / 10
10 / 10
[[40797895], [6662066], [2003025], [2399146], [1510010], [744951], [35243139, 14653, 644848, 1593656], [34470179, 12829781], [4506436], [27069620], [10150129], [36266329], [9528907, 17314163], [22719936], [3227953], [12015288], [24052669], [27643919], [22294318], [2058041], [1906956], [4927312], [8066557], [232210, 872208, 29998186], [32667731], [13229462], [20599738], [17140968], [31453723], [42285068], [19182524, 13248598], [35999930], [13869244], [40661329], [2130577], [44102739], [35561454], [28323539], [24984533, 15003815], [17489002], [34690517], [40478424, 144871, 33077796], [37493416, 40654211], [15929895, 18620309], [28595707], [18442553], [12941493], [41211764], [12303736], [7202112], [10420692], [44635854], [39792485], [44044099], [1927503], [15237280], [23758468], [30659452], [5992708], [8187953], [2995504], [19548012], [22505816], [1413627], [4562127], [14203795], [41589233], [31494276], [6997468], [44677675], [4302392], [2465089], [1108095], [21705704, 35076886], [36013250], [36576832], [45485612], [2251924], [5384545, 22060512], [6553551, 6553697], [11798553], [20144446], [8874570, 11674244], [44331650], [2980409], [1860031, 6058029], [6022750], [32826551], [7378417], [39509022], [7663129, 12882001], [11482913], [11712073], [18633834], [29302013], [21293318], [5806770], [36861754], [47138372, 11822357], [44117076]]
defined walk
defined walks inside learn embeddings
defined model using w2v
saved model in word2vec format
learned embeddings
asd
read graph
defined G
preprocessed
Walk iteration:
1 / 10
2 / 10
3 / 10
4 / 10
5 / 10
6 / 10
7 / 10
8 / 10
9 / 10
10 / 10
[[558545], [8098481, 28895273], [27618631], [23437207], [9124011], [16279390], [10430798, 34885932], [33866299], [12302566, 12933886], [1516587], [5267576], [8354601], [3433805], [6478683, 6717823], [4672713], [21491588], [130514], [26493352], [40552028], [21875109], [19327988], [2594468], [18799606], [36699773], [362265], [2957793], [31602872], [18451425], [23045184], [40743847], [1101737, 1208283], [2367141, 13258703], [45465562], [4516095], [3055976, 12972341], [11494009], [11805907, 47165276], [14751382, 22883165], [47412994], [2152338], [23954609], [4046957], [152710, 28150], [20892514], [19134516], [6983460], [22074044], [6981046], [37686424], [4334202], [2733506], [33150189], [12220180], [40154045], [33087709], [43042341], [9899554], [26340458], [16248229], [25841592], [190431, 9439091], [24955437], [1703326, 36106090], [2480444], [16518290], [5025476], [942637, 37601750], [3521685], [14552188], [27108203, 39128645], [20708273], [4390109], [438443], [5564916], [9761336], [7367842, 7368102], [12314780], [13939055], [1779281], [10463435], [33414272], [35532066], [3435563], [1013925, 2102008, 5630392], [2159295], [38185805], [354821, 23867575], [9994358], [7378548], [29194157], [28790089], [110374], [6170894], [40924568], [1740336, 14386636], [26124210], [37060385], [13241143], [18610497], [4528170, 4750045]]
defined walk
defined walks inside learn embeddings
defined model using w2v
saved model in word2vec format
learned embeddings
asd
read graph
defined G
preprocessed
Walk iteration:
1 / 10
2 / 10
3 / 10
4 / 10
5 / 10
6 / 10
7 / 10
8 / 10
9 / 10
10 / 10
[[6584970, 26045749], [1530898], [4369772], [799607], [43826506], [15951271], [42462997], [8308044], [23923], [10731973, 24413722], [46252145], [8091382], [4561704], [6030146], [17231434], [973665, 1242947], [20639149], [1225502], [24271218], [34064941], [1248491], [5298788], [9955025, 43962184], [19514865, 12677754], [27748430], [36320631], [1102760], [3245143], [33290114], [45315373], [25514391], [26900797], [32311061], [37363062], [20935653], [13170236], [2932534, 1002637], [12937349, 6320996], [1012361], [36126478, 36126380], [982206, 2836916], [37541063, 38963412], [866466], [24173953], [14329757], [2401188, 33965627], [260709], [38386835, 13671030], [9568815], [13403322], [236823, 23737541], [35768461], [27066498], [42514033], [11176721], [24317350], [3346067, 36506612], [107668, 39883868], [473412, 16783505], [8717766], [7912180], [42668109, 262917, 17823647], [265631, 24624328], [15868048], [40995572], [2170287, 14538426], [33391060], [13072886], [15918949], [39610195], [20267236, 19936422], [26428511], [34555300], [4035716], [24648412], [25726730], [18538186], [3419091], [40143721], [12813688], [22022396], [776844, 18799039], [1248256, 25086186], [1090993], [11745812], [6279705], [30940656], [10108479], [27754304], [25714116], [12703360], [28910, 15187298], [27624770], [20595083], [11172058, 8874346], [2171189, 22376055], [17915846], [18935157, 2844497], [63422], [33861971]]
defined walk
defined walks inside learn embeddings
defined model using w2v
saved model in word2vec format
learned embeddings
asd
read graph
defined G
preprocessed
Walk iteration:
1 / 10
2 / 10
3 / 10
4 / 10
5 / 10
6 / 10
7 / 10
8 / 10
9 / 10
10 / 10
[[31450601, 31456378], [15649685], [4749207], [7229280], [36164859], [6819745, 44397335], [33121127], [11909669], [5571222], [21510442], [3865330], [9897912], [37041368], [28055147], [11788307], [18539167], [7862726, 39747361], [14626158], [2782205, 34605009], [10240672], [42869744, 38599365], [27683983], [6701401, 24017998], [37876511], [4095850], [8180054, 6680997], [3371597], [26175919], [33422360], [30746208, 14533, 6127084, 9994325], [4556043], [727115], [37793392, 32657919], [47209073], [43787005], [725041], [17118452, 39902171], [29114114], [39737701], [1013723], [31237484, 3497566], [13329333], [8760105, 2412601], [27137618], [294151], [35901677], [33227417], [6417884], [47748121, 47748663], [33613180], [12782033], [15414348], [40864152, 14653, 1078198, 846100], [13939391], [14766894], [34153217], [14962542], [3894864], [22071905, 24577225], [4671289], [46824539], [17886391, 36794125], [541960], [27101302], [16830447], [30207830], [39079281], [47736741], [3151245], [40988000], [1635094], [4659478, 34294527], [22653261], [15535564, 11289095], [26940067], [10770210], [18349078, 27674191], [8568670], [35696074], [4214533], [44211248], [33721379], [31238286], [3890496], [18371674], [40497123], [15908360], [36836821], [1571, 1400894], [6602127], [7486423], [47077574], [12534781], [33903449, 20357399], [23936874], [391303, 14153699], [11176801], [21813067], [26044793], [16053277, 28505412]]
defined walk
defined walks inside learn embeddings
Traceback (most recent call last):
  File "src/main.py", line 114, in <module>
    main(args)
  File "src/main.py", line 110, in main
    learn_embeddings(walks)
  File "src/main.py", line 90, in learn_embeddings
    workers=args.workers, iter=args.iter)
  File "/usr/local/lib/python2.7/dist-packages/gensim/models/word2vec.py", line 459, in __init__
    self.build_vocab(sentences, trim_rule=trim_rule)
  File "/usr/local/lib/python2.7/dist-packages/gensim/models/word2vec.py", line 525, in build_vocab
    self.finalize_vocab()  # build tables & arrays
  File "/usr/local/lib/python2.7/dist-packages/gensim/models/word2vec.py", line 661, in finalize_vocab
    self.reset_weights()
  File "/usr/local/lib/python2.7/dist-packages/gensim/models/word2vec.py", line 1017, in reset_weights
    self.syn1neg = zeros((len(self.vocab), self.layer1_size), dtype=REAL)
MemoryError




nohup python -u src/main.py --input graph/page_links_en_wikipedia_id_reduced_1.edgelist --output emb/dbpedia_2015_reduced_1_p0.3_q1.emd --directed --workers 48 --p 0.3 --q 1 &
