lambda_mart
all
java -jar RankLib-2.1-patched.jar -train ../features/movielens_1m/global_p1_q1/train/training_global_p1_q1.svm -ranker 6 -metric2t P@1 -tvs 0.9 -test ../features/movielens_1m/global_p1_q1/val/val_global_p1_q1.svm -save models/global_p1_q1/lambda_mart_all_P@1.mdl -feature feature_selection/all.txt > results/global_p1_q1/val/lambda_mart_all_P@1.out
lambda_mart
based_on
java -jar RankLib-2.1-patched.jar -train ../features/movielens_1m/global_p1_q1/train/training_global_p1_q1.svm -ranker 6 -metric2t P@1 -tvs 0.9 -test ../features/movielens_1m/global_p1_q1/val/val_global_p1_q1.svm -save models/global_p1_q1/lambda_mart_based_on_P@1.mdl -feature feature_selection/based_on.txt > results/global_p1_q1/val/lambda_mart_based_on_P@1.out
lambda_mart
cinematography
java -jar RankLib-2.1-patched.jar -train ../features/movielens_1m/global_p1_q1/train/training_global_p1_q1.svm -ranker 6 -metric2t P@1 -tvs 0.9 -test ../features/movielens_1m/global_p1_q1/val/val_global_p1_q1.svm -save models/global_p1_q1/lambda_mart_cinematography_P@1.mdl -feature feature_selection/cinematography.txt > results/global_p1_q1/val/lambda_mart_cinematography_P@1.out
lambda_mart
collab
java -jar RankLib-2.1-patched.jar -train ../features/movielens_1m/global_p1_q1/train/training_global_p1_q1.svm -ranker 6 -metric2t P@1 -tvs 0.9 -test ../features/movielens_1m/global_p1_q1/val/val_global_p1_q1.svm -save models/global_p1_q1/lambda_mart_collab_P@1.mdl -feature feature_selection/collab.txt > results/global_p1_q1/val/lambda_mart_collab_P@1.out
lambda_mart
content
java -jar RankLib-2.1-patched.jar -train ../features/movielens_1m/global_p1_q1/train/training_global_p1_q1.svm -ranker 6 -metric2t P@1 -tvs 0.9 -test ../features/movielens_1m/global_p1_q1/val/val_global_p1_q1.svm -save models/global_p1_q1/lambda_mart_content_P@1.mdl -feature feature_selection/content.txt > results/global_p1_q1/val/lambda_mart_content_P@1.out
lambda_mart
director
java -jar RankLib-2.1-patched.jar -train ../features/movielens_1m/global_p1_q1/train/training_global_p1_q1.svm -ranker 6 -metric2t P@1 -tvs 0.9 -test ../features/movielens_1m/global_p1_q1/val/val_global_p1_q1.svm -save models/global_p1_q1/lambda_mart_director_P@1.mdl -feature feature_selection/director.txt > results/global_p1_q1/val/lambda_mart_director_P@1.out
lambda_mart
editing
java -jar RankLib-2.1-patched.jar -train ../features/movielens_1m/global_p1_q1/train/training_global_p1_q1.svm -ranker 6 -metric2t P@1 -tvs 0.9 -test ../features/movielens_1m/global_p1_q1/val/val_global_p1_q1.svm -save models/global_p1_q1/lambda_mart_editing_P@1.mdl -feature feature_selection/editing.txt > results/global_p1_q1/val/lambda_mart_editing_P@1.out
lambda_mart
musiccomposer
java -jar RankLib-2.1-patched.jar -train ../features/movielens_1m/global_p1_q1/train/training_global_p1_q1.svm -ranker 6 -metric2t P@1 -tvs 0.9 -test ../features/movielens_1m/global_p1_q1/val/val_global_p1_q1.svm -save models/global_p1_q1/lambda_mart_musiccomposer_P@1.mdl -feature feature_selection/musiccomposer.txt > results/global_p1_q1/val/lambda_mart_musiccomposer_P@1.out
lambda_mart
narrator
java -jar RankLib-2.1-patched.jar -train ../features/movielens_1m/global_p1_q1/train/training_global_p1_q1.svm -ranker 6 -metric2t P@1 -tvs 0.9 -test ../features/movielens_1m/global_p1_q1/val/val_global_p1_q1.svm -save models/global_p1_q1/lambda_mart_narrator_P@1.mdl -feature feature_selection/narrator.txt > results/global_p1_q1/val/lambda_mart_narrator_P@1.out
lambda_mart
producer
java -jar RankLib-2.1-patched.jar -train ../features/movielens_1m/global_p1_q1/train/training_global_p1_q1.svm -ranker 6 -metric2t P@1 -tvs 0.9 -test ../features/movielens_1m/global_p1_q1/val/val_global_p1_q1.svm -save models/global_p1_q1/lambda_mart_producer_P@1.mdl -feature feature_selection/producer.txt > results/global_p1_q1/val/lambda_mart_producer_P@1.out
lambda_mart
starring
java -jar RankLib-2.1-patched.jar -train ../features/movielens_1m/global_p1_q1/train/training_global_p1_q1.svm -ranker 6 -metric2t P@1 -tvs 0.9 -test ../features/movielens_1m/global_p1_q1/val/val_global_p1_q1.svm -save models/global_p1_q1/lambda_mart_starring_P@1.mdl -feature feature_selection/starring.txt > results/global_p1_q1/val/lambda_mart_starring_P@1.out
lambda_mart
subject
java -jar RankLib-2.1-patched.jar -train ../features/movielens_1m/global_p1_q1/train/training_global_p1_q1.svm -ranker 6 -metric2t P@1 -tvs 0.9 -test ../features/movielens_1m/global_p1_q1/val/val_global_p1_q1.svm -save models/global_p1_q1/lambda_mart_subject_P@1.mdl -feature feature_selection/subject.txt > results/global_p1_q1/val/lambda_mart_subject_P@1.out
lambda_mart
writer
java -jar RankLib-2.1-patched.jar -train ../features/movielens_1m/global_p1_q1/train/training_global_p1_q1.svm -ranker 6 -metric2t P@1 -tvs 0.9 -test ../features/movielens_1m/global_p1_q1/val/val_global_p1_q1.svm -save models/global_p1_q1/lambda_mart_writer_P@1.mdl -feature feature_selection/writer.txt > results/global_p1_q1/val/lambda_mart_writer_P@1.out
ada_rank
all
java -jar RankLib-2.1-patched.jar -train ../features/movielens_1m/global_p1_q1/train/training_global_p1_q1.svm -ranker 3 -metric2t P@1 -tvs 0.9 -test ../features/movielens_1m/global_p1_q1/val/val_global_p1_q1.svm -save models/global_p1_q1/ada_rank_all_P@1.mdl -feature feature_selection/all.txt > results/global_p1_q1/val/ada_rank_all_P@1.out
ada_rank
based_on
java -jar RankLib-2.1-patched.jar -train ../features/movielens_1m/global_p1_q1/train/training_global_p1_q1.svm -ranker 3 -metric2t P@1 -tvs 0.9 -test ../features/movielens_1m/global_p1_q1/val/val_global_p1_q1.svm -save models/global_p1_q1/ada_rank_based_on_P@1.mdl -feature feature_selection/based_on.txt > results/global_p1_q1/val/ada_rank_based_on_P@1.out
ada_rank
cinematography
java -jar RankLib-2.1-patched.jar -train ../features/movielens_1m/global_p1_q1/train/training_global_p1_q1.svm -ranker 3 -metric2t P@1 -tvs 0.9 -test ../features/movielens_1m/global_p1_q1/val/val_global_p1_q1.svm -save models/global_p1_q1/ada_rank_cinematography_P@1.mdl -feature feature_selection/cinematography.txt > results/global_p1_q1/val/ada_rank_cinematography_P@1.out
ada_rank
collab
java -jar RankLib-2.1-patched.jar -train ../features/movielens_1m/global_p1_q1/train/training_global_p1_q1.svm -ranker 3 -metric2t P@1 -tvs 0.9 -test ../features/movielens_1m/global_p1_q1/val/val_global_p1_q1.svm -save models/global_p1_q1/ada_rank_collab_P@1.mdl -feature feature_selection/collab.txt > results/global_p1_q1/val/ada_rank_collab_P@1.out
ada_rank
content
java -jar RankLib-2.1-patched.jar -train ../features/movielens_1m/global_p1_q1/train/training_global_p1_q1.svm -ranker 3 -metric2t P@1 -tvs 0.9 -test ../features/movielens_1m/global_p1_q1/val/val_global_p1_q1.svm -save models/global_p1_q1/ada_rank_content_P@1.mdl -feature feature_selection/content.txt > results/global_p1_q1/val/ada_rank_content_P@1.out
ada_rank
director
java -jar RankLib-2.1-patched.jar -train ../features/movielens_1m/global_p1_q1/train/training_global_p1_q1.svm -ranker 3 -metric2t P@1 -tvs 0.9 -test ../features/movielens_1m/global_p1_q1/val/val_global_p1_q1.svm -save models/global_p1_q1/ada_rank_director_P@1.mdl -feature feature_selection/director.txt > results/global_p1_q1/val/ada_rank_director_P@1.out
ada_rank
editing
java -jar RankLib-2.1-patched.jar -train ../features/movielens_1m/global_p1_q1/train/training_global_p1_q1.svm -ranker 3 -metric2t P@1 -tvs 0.9 -test ../features/movielens_1m/global_p1_q1/val/val_global_p1_q1.svm -save models/global_p1_q1/ada_rank_editing_P@1.mdl -feature feature_selection/editing.txt > results/global_p1_q1/val/ada_rank_editing_P@1.out
ada_rank
musiccomposer
java -jar RankLib-2.1-patched.jar -train ../features/movielens_1m/global_p1_q1/train/training_global_p1_q1.svm -ranker 3 -metric2t P@1 -tvs 0.9 -test ../features/movielens_1m/global_p1_q1/val/val_global_p1_q1.svm -save models/global_p1_q1/ada_rank_musiccomposer_P@1.mdl -feature feature_selection/musiccomposer.txt > results/global_p1_q1/val/ada_rank_musiccomposer_P@1.out
ada_rank
narrator
java -jar RankLib-2.1-patched.jar -train ../features/movielens_1m/global_p1_q1/train/training_global_p1_q1.svm -ranker 3 -metric2t P@1 -tvs 0.9 -test ../features/movielens_1m/global_p1_q1/val/val_global_p1_q1.svm -save models/global_p1_q1/ada_rank_narrator_P@1.mdl -feature feature_selection/narrator.txt > results/global_p1_q1/val/ada_rank_narrator_P@1.out
ada_rank
producer
java -jar RankLib-2.1-patched.jar -train ../features/movielens_1m/global_p1_q1/train/training_global_p1_q1.svm -ranker 3 -metric2t P@1 -tvs 0.9 -test ../features/movielens_1m/global_p1_q1/val/val_global_p1_q1.svm -save models/global_p1_q1/ada_rank_producer_P@1.mdl -feature feature_selection/producer.txt > results/global_p1_q1/val/ada_rank_producer_P@1.out
ada_rank
starring
java -jar RankLib-2.1-patched.jar -train ../features/movielens_1m/global_p1_q1/train/training_global_p1_q1.svm -ranker 3 -metric2t P@1 -tvs 0.9 -test ../features/movielens_1m/global_p1_q1/val/val_global_p1_q1.svm -save models/global_p1_q1/ada_rank_starring_P@1.mdl -feature feature_selection/starring.txt > results/global_p1_q1/val/ada_rank_starring_P@1.out
ada_rank
subject
java -jar RankLib-2.1-patched.jar -train ../features/movielens_1m/global_p1_q1/train/training_global_p1_q1.svm -ranker 3 -metric2t P@1 -tvs 0.9 -test ../features/movielens_1m/global_p1_q1/val/val_global_p1_q1.svm -save models/global_p1_q1/ada_rank_subject_P@1.mdl -feature feature_selection/subject.txt > results/global_p1_q1/val/ada_rank_subject_P@1.out
ada_rank
writer
java -jar RankLib-2.1-patched.jar -train ../features/movielens_1m/global_p1_q1/train/training_global_p1_q1.svm -ranker 3 -metric2t P@1 -tvs 0.9 -test ../features/movielens_1m/global_p1_q1/val/val_global_p1_q1.svm -save models/global_p1_q1/ada_rank_writer_P@1.mdl -feature feature_selection/writer.txt > results/global_p1_q1/val/ada_rank_writer_P@1.out
lambda_mart
all
java -jar RankLib-2.1-patched.jar -train ../features/movielens_1m/global_p1_q1/train/training_global_p1_q1.svm -ranker 6 -metric2t P@5 -tvs 0.9 -test ../features/movielens_1m/global_p1_q1/val/val_global_p1_q1.svm -save models/global_p1_q1/lambda_mart_all_P@5.mdl -feature feature_selection/all.txt > results/global_p1_q1/val/lambda_mart_all_P@5.out
lambda_mart
based_on
java -jar RankLib-2.1-patched.jar -train ../features/movielens_1m/global_p1_q1/train/training_global_p1_q1.svm -ranker 6 -metric2t P@5 -tvs 0.9 -test ../features/movielens_1m/global_p1_q1/val/val_global_p1_q1.svm -save models/global_p1_q1/lambda_mart_based_on_P@5.mdl -feature feature_selection/based_on.txt > results/global_p1_q1/val/lambda_mart_based_on_P@5.out
